<?xml version="1.0" encoding="UTF-8" ?>
<testsuite tests="61" failures="0" name="com.adactin.runner.TestRunner" time="0.089" errors="0" skipped="0">
  <properties>
[...]
</properties>
  <testcase classname="| AAAA | 1111 |" name="Given User Launch the adactin application" time="0.025"/>
  <testcase classname="| AAAA | 1111 |" name="When User log into the application" time="0"/>
  <testcase classname="| AAAA | 1111 |" name="Given User launch the application" time="0"/>
  <testcase classname="| AAAA | 1111 |" name="When User enters the Valid &quot;AAAA&quot; in Username field" time="0"/>
  <testcase classname="| AAAA | 1111 |" name="And User enters the Valid &quot;1111&quot; in Password field" time="0"/>
  <testcase classname="| AAAA | 1111 |" name="And User clicks on the Login Button" time="0"/>
  <testcase classname="| AAAA | 1111 |" name="Then User verify the Homepage navigates to the Search Hotel Page" time="0.012"/>
  <testcase classname="| AAAA | 1111 |" name="| AAAA | 1111 |" time="0.017"/>
  <testcase classname="| BBBB | 2222 |" name="Given User Launch the adactin application" time="0"/>
  <testcase classname="| BBBB | 2222 |" name="When User log into the application" time="0"/>
  <testcase classname="| BBBB | 2222 |" name="Given User launch the application" time="0"/>
  <testcase classname="| BBBB | 2222 |" name="When User enters the Valid &quot;BBBB&quot; in Username field" time="0"/>
  <testcase classname="| BBBB | 2222 |" name="And User enters the Valid &quot;2222&quot; in Password field" time="0.001"/>
  <testcase classname="| BBBB | 2222 |" name="And User clicks on the Login Button" time="0.031"/>
  <testcase classname="| BBBB | 2222 |" name="Then User verify the Homepage navigates to the Search Hotel Page" time="0"/>
  <testcase classname="| BBBB | 2222 |" name="| BBBB | 2222 |" time="0.001"/>
  <testcase classname="| RashmiAishwarya | Rashmi@1992 |" name="Given User Launch the adactin application" time="0"/>
  <testcase classname="| RashmiAishwarya | Rashmi@1992 |" name="When User log into the application" time="0"/>
  <testcase classname="| RashmiAishwarya | Rashmi@1992 |" name="Given User launch the application" time="0"/>
  <testcase classname="| RashmiAishwarya | Rashmi@1992 |" name="When User enters the Valid &quot;RashmiAishwarya&quot; in Username field" time="0"/>
  <testcase classname="| RashmiAishwarya | Rashmi@1992 |" name="And User enters the Valid &quot;Rashmi@1992&quot; in Password field" time="0"/>
  <testcase classname="| RashmiAishwarya | Rashmi@1992 |" name="And User clicks on the Login Button" time="0"/>
  <testcase classname="| RashmiAishwarya | Rashmi@1992 |" name="Then User verify the Homepage navigates to the Search Hotel Page" time="0"/>
  <testcase classname="| RashmiAishwarya | Rashmi@1992 |" name="| RashmiAishwarya | Rashmi@1992 |" time="0"/>
  <testcase classname="Scenario: Verify the User is in Search Hotel page" name="Given User Launch the adactin application" time="0.001"/>
  <testcase classname="Scenario: Verify the User is in Search Hotel page" name="When User log into the application" time="0"/>
  <testcase classname="Scenario: Verify the User is in Search Hotel page" name="When User selects the Location &quot;Sydney&quot;  as &quot;visibletext&quot; in the Select location field" time="0"/>
  <testcase classname="Scenario: Verify the User is in Search Hotel page" name="And User selects the Hotel &quot;Hotel Hervey&quot; as &quot;visibletext&quot; in the Select Hotel field" time="0"/>
  <testcase classname="Scenario: Verify the User is in Search Hotel page" name="And User selects the Roomtype &quot;Deluxe&quot; as &quot;visibletext&quot; in the Select Room type field" time="0"/>
  <testcase classname="Scenario: Verify the User is in Search Hotel page" name="And User selects Number of rooms &quot;3 - Three&quot; as &quot;visibletext&quot;" time="0"/>
  <testcase classname="Scenario: Verify the User is in Search Hotel page" name="And User enters the valid date &quot;11/08/2020&quot; in Check In Date field" time="0"/>
  <testcase classname="Scenario: Verify the User is in Search Hotel page" name="And User enters the valid date &quot;13/08/2020&quot; in Check Out Date field" time="0"/>
  <testcase classname="Scenario: Verify the User is in Search Hotel page" name="And User selects Adults per Room &quot;2 - Two&quot; as &quot;visibletext&quot;" time="0"/>
  <testcase classname="Scenario: Verify the User is in Search Hotel page" name="And User selects Child per Room &quot;4 - Four&quot; as &quot;visibletext&quot;" time="0"/>
  <testcase classname="Scenario: Verify the User is in Search Hotel page" name="And User clicks on the Search Button to search for the details" time="0"/>
  <testcase classname="Scenario: Verify the User is in Search Hotel page" name="Then User verify the Search Hotel page navigates to the Select Hotel page" time="0"/>
  <testcase classname="Scenario: Verify the User is in Search Hotel page" name="Scenario: Verify the User is in Search Hotel page" time="0.001"/>
  <testcase classname="Scenario: Verify the User is in Select Hotel Page" name="Given User Launch the adactin application" time="0"/>
  <testcase classname="Scenario: Verify the User is in Select Hotel Page" name="When User log into the application" time="0"/>
  <testcase classname="Scenario: Verify the User is in Select Hotel Page" name="When User selects the hotel from Select Hotel Page" time="0"/>
  <testcase classname="Scenario: Verify the User is in Select Hotel Page" name="And User clicks on the Continue Button" time="0"/>
  <testcase classname="Scenario: Verify the User is in Select Hotel Page" name="Then User verify the Select Hotel page navigates to the Book A Hotel page" time="0"/>
  <testcase classname="Scenario: Verify the User is in Select Hotel Page" name="Scenario: Verify the User is in Select Hotel Page" time="0"/>
  <testcase classname="Scenario: Verify the User is in Book A Hotel page" name="Given User Launch the adactin application" time="0"/>
  <testcase classname="Scenario: Verify the User is in Book A Hotel page" name="When User log into the application" time="0"/>
  <testcase classname="Scenario: Verify the User is in Book A Hotel page" name="When User enters the Valid &quot;Rashmi&quot; in First Name field" time="0"/>
  <testcase classname="Scenario: Verify the User is in Book A Hotel page" name="And User enters the Valid &quot;G&quot; in Last Name field" time="0"/>
  <testcase classname="Scenario: Verify the User is in Book A Hotel page" name="And User enters the Valid &quot;abc nagar&quot; in Billing Address field" time="0"/>
  <testcase classname="Scenario: Verify the User is in Book A Hotel page" name="And User enters the Valid &quot;1234567812345678&quot; in Credit Card No. field" time="0"/>
  <testcase classname="Scenario: Verify the User is in Book A Hotel page" name="And User selects the Credit Card Type &quot;American Express&quot; as &quot;visibletext&quot; in the Credit card type field" time="0"/>
  <testcase classname="Scenario: Verify the User is in Book A Hotel page" name="And User selects the Expiry Month &quot;4&quot; as &quot;value&quot;" time="0"/>
  <testcase classname="Scenario: Verify the User is in Book A Hotel page" name="And User selects the Expiry Year &quot;2014&quot; as &quot;value&quot;" time="0"/>
  <testcase classname="Scenario: Verify the User is in Book A Hotel page" name="And User enters the Valid &quot;123&quot; in CVV Number field" time="0"/>
  <testcase classname="Scenario: Verify the User is in Book A Hotel page" name="And User clicks on the Book Now Button" time="0"/>
  <testcase classname="Scenario: Verify the User is in Book A Hotel page" name="Then User verify the Book A Hotel page navigates to the Booking Confirmation page" time="0"/>
  <testcase classname="Scenario: Verify the User is in Book A Hotel page" name="Scenario: Verify the User is in Book A Hotel page" time="0"/>
  <testcase classname="Scenario: Verify the User is able to logout the application" name="Given User Launch the adactin application" time="0"/>
  <testcase classname="Scenario: Verify the User is able to logout the application" name="When User log into the application" time="0"/>
  <testcase classname="Scenario: Verify the User is able to logout the application" name="When User clicks on Logout Button in the Booking Confirmation page" time="0"/>
  <testcase classname="Scenario: Verify the User is able to logout the application" name="Then User verify the Booking Confirmation page navigates to the Home page again" time="0"/>
  <testcase classname="Scenario: Verify the User is able to logout the application" name="Scenario: Verify the User is able to logout the application" time="0"/>
</testsuite>